App/build/app/intermediates/manifest_merge_blame_file/release/manifest-merger-blame-release-report.txt
1<?xml version="1.0" encoding="utf-8"?>
2<manifest xmlns:android="http://schemas.android.com/apk/res/android"
3    package="dev.luwx.secure_sms"
4    android:versionCode="1002"
5    android:versionName="1.0.1" >
6
7    <uses-sdk
8        android:minSdkVersion="21"
9        android:targetSdkVersion="34" />
10
11    <uses-permission android:name="android.permission.SEND_SMS" />
11-->src/main/AndroidManifest.xml:2:5-67
11-->src/main/AndroidManifest.xml:2:22-64
12    <uses-permission android:name="android.permission.READ_SMS" />
12-->src/main/AndroidManifest.xml:3:5-67
12-->src/main/AndroidManifest.xml:3:22-64
13
14    <queries>
14-->src/main/AndroidManifest.xml:5:5-10:15
15        <intent>
15-->src/main/AndroidManifest.xml:6:9-9:18
16            <action android:name="android.intent.action.SENDTO" />
16-->src/main/AndroidManifest.xml:7:13-67
16-->src/main/AndroidManifest.xml:7:21-64
17
18            <data android:scheme="smsto" />
18-->src/main/AndroidManifest.xml:8:13-44
18-->src/main/AndroidManifest.xml:8:19-41
19        </intent>
20    </queries>
21    <!--
22         Required to query activities that can process text, see:
23         https://developer.android.com/training/package-visibility and
24         https://developer.android.com/reference/android/content/Intent#ACTION_PROCESS_TEXT.
25
26         In particular, this is used by the Flutter engine in io.flutter.plugin.text.ProcessTextPlugin.
27    -->
28    <queries>
28-->src/main/AndroidManifest.xml:5:5-10:15
29        <intent>
29-->src/main/AndroidManifest.xml:49:9-52:18
30            <action android:name="android.intent.action.PROCESS_TEXT" />
30-->src/main/AndroidManifest.xml:50:13-73
30-->src/main/AndroidManifest.xml:50:21-70
31
32            <data android:mimeType="text/plain" />
32-->src/main/AndroidManifest.xml:8:13-44
32-->src/main/AndroidManifest.xml:51:19-48
33        </intent>
34    </queries>
35
36    <permission
36-->[androidx.core:core:1.13.1] AndroidManifest.xml:22:5-24:47
37        android:name="dev.luwx.secure_sms.DYNAMIC_RECEIVER_NOT_EXPORTED_PERMISSION"
37-->[androidx.core:core:1.13.1] AndroidManifest.xml:23:9-81
38        android:protectionLevel="signature" />
38-->[androidx.core:core:1.13.1] AndroidManifest.xml:24:9-44
39
40    <uses-permission android:name="dev.luwx.secure_sms.DYNAMIC_RECEIVER_NOT_EXPORTED_PERMISSION" />
40-->[androidx.core:core:1.13.1] AndroidManifest.xml:26:5-97
40-->[androidx.core:core:1.13.1] AndroidManifest.xml:26:22-94
41
42    <application
43        android:name="android.app.Application"
43-->src/main/AndroidManifest.xml:13:9-42
44        android:appComponentFactory="androidx.core.app.CoreComponentFactory"
44-->[androidx.core:core:1.13.1] AndroidManifest.xml:28:18-86
45        android:extractNativeLibs="true"
46        android:icon="@mipmap/ic_launcher"
46-->src/main/AndroidManifest.xml:14:9-43
47        android:label="secure_sms" >
47-->src/main/AndroidManifest.xml:12:9-35
48        <activity
48-->src/main/AndroidManifest.xml:15:9-36:20
49            android:name="dev.luwx.secure_sms.MainActivity"
49-->src/main/AndroidManifest.xml:16:13-41
50            android:configChanges="orientation|keyboardHidden|keyboard|screenSize|smallestScreenSize|locale|layoutDirection|fontScale|screenLayout|density|uiMode"
50-->src/main/AndroidManifest.xml:21:13-163
51            android:exported="true"
51-->src/main/AndroidManifest.xml:17:13-36
52            android:hardwareAccelerated="true"
52-->src/main/AndroidManifest.xml:22:13-47
53            android:launchMode="singleTop"
53-->src/main/AndroidManifest.xml:18:13-43
54            android:taskAffinity=""
54-->src/main/AndroidManifest.xml:19:13-36
55            android:theme="@style/LaunchTheme"
55-->src/main/AndroidManifest.xml:20:13-47
56            android:windowSoftInputMode="adjustResize" >
56-->src/main/AndroidManifest.xml:23:13-55
57
58            <!--
59                 Specifies an Android theme to apply to this Activity as soon as
60                 the Android process has started. This theme is visible to the user
61                 while the Flutter UI initializes. After that, this theme continues
62                 to determine the Window background behind the Flutter UI.
63            -->
64            <meta-data
64-->src/main/AndroidManifest.xml:28:13-31:15
65                android:name="io.flutter.embedding.android.NormalTheme"
65-->src/main/AndroidManifest.xml:29:17-72
66                android:resource="@style/NormalTheme" />
66-->src/main/AndroidManifest.xml:30:17-54
67
68            <intent-filter>
68-->src/main/AndroidManifest.xml:32:13-35:29
69                <action android:name="android.intent.action.MAIN" />
69-->src/main/AndroidManifest.xml:33:17-69
69-->src/main/AndroidManifest.xml:33:25-66
70
71                <category android:name="android.intent.category.LAUNCHER" />
71-->src/main/AndroidManifest.xml:34:17-77
71-->src/main/AndroidManifest.xml:34:27-74
72            </intent-filter>
73        </activity>
74        <!--
75             Don't delete the meta-data below.
76             This is used by the Flutter tool to generate GeneratedPluginRegistrant.java
77        -->
78        <meta-data
78-->src/main/AndroidManifest.xml:39:9-41:33
79            android:name="flutterEmbedding"
79-->src/main/AndroidManifest.xml:40:13-44
80            android:value="2" />
80-->src/main/AndroidManifest.xml:41:13-30
81
82        <activity
82-->[:url_launcher_android] AndroidManifest.xml:8:9-11:74
83            android:name="io.flutter.plugins.urllauncher.WebViewActivity"
83-->[:url_launcher_android] AndroidManifest.xml:9:13-74
84            android:exported="false"
84-->[:url_launcher_android] AndroidManifest.xml:10:13-37
85            android:theme="@android:style/Theme.NoTitleBar.Fullscreen" />
85-->[:url_launcher_android] AndroidManifest.xml:11:13-71
86
87        <uses-library
87-->[androidx.window:window:1.2.0] AndroidManifest.xml:23:9-25:40
88            android:name="androidx.window.extensions"
88-->[androidx.window:window:1.2.0] AndroidManifest.xml:24:13-54
89            android:required="false" />
89-->[androidx.window:window:1.2.0] AndroidManifest.xml:25:13-37
90        <uses-library
90-->[androidx.window:window:1.2.0] AndroidManifest.xml:26:9-28:40
91            android:name="androidx.window.sidecar"
91-->[androidx.window:window:1.2.0] AndroidManifest.xml:27:13-51
92            android:required="false" />
92-->[androidx.window:window:1.2.0] AndroidManifest.xml:28:13-37
93
94        <provider
94-->[androidx.lifecycle:lifecycle-process:2.7.0] AndroidManifest.xml:24:9-32:20
95            android:name="androidx.startup.InitializationProvider"
95-->[androidx.lifecycle:lifecycle-process:2.7.0] AndroidManifest.xml:25:13-67
96            android:authorities="dev.luwx.secure_sms.androidx-startup"
96-->[androidx.lifecycle:lifecycle-process:2.7.0] AndroidManifest.xml:26:13-68
97            android:exported="false" >
97-->[androidx.lifecycle:lifecycle-process:2.7.0] AndroidManifest.xml:27:13-37
98            <meta-data
98-->[androidx.lifecycle:lifecycle-process:2.7.0] AndroidManifest.xml:29:13-31:52
99                android:name="androidx.lifecycle.ProcessLifecycleInitializer"
99-->[androidx.lifecycle:lifecycle-process:2.7.0] AndroidManifest.xml:30:17-78
100                android:value="androidx.startup" />
100-->[androidx.lifecycle:lifecycle-process:2.7.0] AndroidManifest.xml:31:17-49
101            <meta-data
101-->[androidx.profileinstaller:profileinstaller:1.3.1] AndroidManifest.xml:29:13-31:52
102                android:name="androidx.profileinstaller.ProfileInstallerInitializer"
102-->[androidx.profileinstaller:profileinstaller:1.3.1] AndroidManifest.xml:30:17-85
103                android:value="androidx.startup" />
103-->[androidx.profileinstaller:profileinstaller:1.3.1] AndroidManifest.xml:31:17-49
104        </provider>
105
106        <receiver
106-->[androidx.profileinstaller:profileinstaller:1.3.1] AndroidManifest.xml:34:9-52:20
107            android:name="androidx.profileinstaller.ProfileInstallReceiver"
107-->[androidx.profileinstaller:profileinstaller:1.3.1] AndroidManifest.xml:35:13-76
108            android:directBootAware="false"
108-->[androidx.profileinstaller:profileinstaller:1.3.1] AndroidManifest.xml:36:13-44
109            android:enabled="true"
109-->[androidx.profileinstaller:profileinstaller:1.3.1] AndroidManifest.xml:37:13-35
110            android:exported="true"
110-->[androidx.profileinstaller:profileinstaller:1.3.1] AndroidManifest.xml:38:13-36
111            android:permission="android.permission.DUMP" >
111-->[androidx.profileinstaller:profileinstaller:1.3.1] AndroidManifest.xml:39:13-57
112            <intent-filter>
112-->[androidx.profileinstaller:profileinstaller:1.3.1] AndroidManifest.xml:40:13-42:29
113                <action android:name="androidx.profileinstaller.action.INSTALL_PROFILE" />
113-->[androidx.profileinstaller:profileinstaller:1.3.1] AndroidManifest.xml:41:17-91
113-->[androidx.profileinstaller:profileinstaller:1.3.1] AndroidManifest.xml:41:25-88
114            </intent-filter>
115            <intent-filter>
115-->[androidx.profileinstaller:profileinstaller:1.3.1] AndroidManifest.xml:43:13-45:29
116                <action android:name="androidx.profileinstaller.action.SKIP_FILE" />
116-->[androidx.profileinstaller:profileinstaller:1.3.1] AndroidManifest.xml:44:17-85
116-->[androidx.profileinstaller:profileinstaller:1.3.1] AndroidManifest.xml:44:25-82
117            </intent-filter>
118            <intent-filter>
118-->[androidx.profileinstaller:profileinstaller:1.3.1] AndroidManifest.xml:46:13-48:29
119                <action android:name="androidx.profileinstaller.action.SAVE_PROFILE" />
119-->[androidx.profileinstaller:profileinstaller:1.3.1] AndroidManifest.xml:47:17-88
119-->[androidx.profileinstaller:profileinstaller:1.3.1] AndroidManifest.xml:47:25-85
120            </intent-filter>
121            <intent-filter>
121-->[androidx.profileinstaller:profileinstaller:1.3.1] AndroidManifest.xml:49:13-51:29
122                <action android:name="androidx.profileinstaller.action.BENCHMARK_OPERATION" />
122-->[androidx.profileinstaller:profileinstaller:1.3.1] AndroidManifest.xml:50:17-95
122-->[androidx.profileinstaller:profileinstaller:1.3.1] AndroidManifest.xml:50:25-92
123            </intent-filter>
124        </receiver>
125    </application>
126
127</manifest>